"2025-02-16 19:11:30,211 INFO  [restartedMain] com.tpe.backendproject.initialwork.ContactMessageApplication:Starting ContactMessageApplication using Java 17.0.14 on ümmü with PID 11796 (C:\Users\ummuh\OneDrive\Resimler\Screenshots\black and projec\ContactMessage\target\classes started by ummuh in C:\Users\ummuh\OneDrive\Resimler\Screenshots\black and projec\ContactMessage)
""2025-02-16 19:11:30,214 INFO  [restartedMain] com.tpe.backendproject.initialwork.ContactMessageApplication:No active profile set, falling back to 1 default profile: "default"
""2025-02-16 19:11:30,321 INFO  [restartedMain] org.springframework.boot.devtools.env.DevToolsPropertyDefaultsPostProcessor:Devtools property defaults active! Set 'spring.devtools.add-properties' to 'false' to disable
""2025-02-16 19:11:30,321 INFO  [restartedMain] org.springframework.boot.devtools.env.DevToolsPropertyDefaultsPostProcessor:For additional web related logging consider setting the 'logging.level.web' property to 'DEBUG'
""2025-02-16 19:11:31,754 INFO  [restartedMain] org.springframework.data.repository.config.RepositoryConfigurationDelegate:Bootstrapping Spring Data JPA repositories in DEFAULT mode.
""2025-02-16 19:11:31,846 INFO  [restartedMain] org.springframework.data.repository.config.RepositoryConfigurationDelegate:Finished Spring Data repository scanning in 76 ms. Found 1 JPA repository interfaces.
""2025-02-16 19:11:33,139 INFO  [restartedMain] org.springframework.boot.web.embedded.tomcat.TomcatWebServer:Tomcat initialized with port(s): 8090 (http)
""2025-02-16 19:11:33,159 INFO  [restartedMain] org.apache.catalina.core.StandardService:Starting service [Tomcat]
""2025-02-16 19:11:33,160 INFO  [restartedMain] org.apache.catalina.core.StandardEngine:Starting Servlet engine: [Apache Tomcat/9.0.68]
""2025-02-16 19:11:33,285 INFO  [restartedMain] org.apache.catalina.core.ContainerBase.[Tomcat].[localhost].[/]:Initializing Spring embedded WebApplicationContext
""2025-02-16 19:11:33,285 INFO  [restartedMain] org.springframework.boot.web.servlet.context.ServletWebServerApplicationContext:Root WebApplicationContext: initialization completed in 2962 ms
""2025-02-16 19:11:33,683 INFO  [restartedMain] org.hibernate.jpa.internal.util.LogHelper:HHH000204: Processing PersistenceUnitInfo [name: default]
""2025-02-16 19:11:33,840 INFO  [restartedMain] org.hibernate.Version:HHH000412: Hibernate ORM core version 5.6.12.Final
""2025-02-16 19:11:34,179 INFO  [restartedMain] org.hibernate.annotations.common.Version:HCANN000001: Hibernate Commons Annotations {5.1.2.Final}
""2025-02-16 19:11:34,354 INFO  [restartedMain] com.zaxxer.hikari.HikariDataSource:HikariPool-1 - Starting...
""2025-02-16 19:11:34,683 INFO  [restartedMain] com.zaxxer.hikari.HikariDataSource:HikariPool-1 - Start completed.
""2025-02-16 19:11:34,711 INFO  [restartedMain] org.hibernate.dialect.Dialect:HHH000400: Using dialect: org.hibernate.dialect.PostgreSQL81Dialect
""2025-02-16 19:11:35,674 INFO  [restartedMain] org.hibernate.engine.transaction.jta.platform.internal.JtaPlatformInitiator:HHH000490: Using JtaPlatform implementation: [org.hibernate.engine.transaction.jta.platform.internal.NoJtaPlatform]
""2025-02-16 19:11:35,684 INFO  [restartedMain] org.springframework.orm.jpa.LocalContainerEntityManagerFactoryBean:Initialized JPA EntityManagerFactory for persistence unit 'default'
""2025-02-16 19:11:37,101 INFO  [restartedMain] org.springframework.boot.devtools.autoconfigure.OptionalLiveReloadServer:LiveReload server is running on port 35729
""2025-02-16 19:11:37,199 INFO  [restartedMain] org.springframework.boot.web.embedded.tomcat.TomcatWebServer:Tomcat started on port(s): 8090 (http) with context path ''
"